<?xml version="1.0" encoding="UTF-8"?>
<!-- Generated by org.testng.reporters.JUnitReportReporter -->
<testsuite hostname="WKS-14494" name="com.example.tests.GroupCreateTest" tests="2" failures="0" timestamp="27 Aug 2015 11:22:01 GMT" time="1.116" errors="0">
  <testcase name="testEmptyGroupCreation" time="0.556" classname="com.example.tests.GroupCreateTest"/>
  <testcase name="testNonEmptyGroupCreation" time="0.560" classname="com.example.tests.GroupCreateTest"/>
</testsuite> <!-- com.example.tests.GroupCreateTest -->
