<?xml version="1.0" encoding="UTF-8"?>
<!-- Generated by org.testng.reporters.JUnitReportReporter -->
<testsuite hostname="WKS-14494" name="com.example.tests.ContactCreateTest" tests="2" failures="0" timestamp="27 Aug 2015 11:22:01 GMT" time="2.408" errors="0">
  <testcase name="testNonEmptyContactCreate" time="1.165" classname="com.example.tests.ContactCreateTest"/>
  <testcase name="testEmptyContactCreate" time="1.243" classname="com.example.tests.ContactCreateTest"/>
</testsuite> <!-- com.example.tests.ContactCreateTest -->
